<?xml version="1.0" encoding="UTF-8" ?>
<testsuite errors="2" failures="0" hostname="DESKTOP-VIUDDN2" name="crossbrowser.LoginLogoutEdge" skipped="0" tests="1" time="1.563" timestamp="2018-01-25T10:28:13">
  <properties>
[...]
</properties>
  <testcase classname="crossbrowser.LoginLogoutEdge" name="test" time="0.125">
    <error message="The driver executable does not exist: c:\users\edgewords\documents\DriversNotOnPath\MicrosoftWebDriver.exe" type="java.lang.IllegalStateException">java.lang.IllegalStateException: The driver executable does not exist: c:\users\edgewords\documents\DriversNotOnPath\MicrosoftWebDriver.exe
	at com.google.common.base.Preconditions.checkState(Preconditions.java:518)
	at org.openqa.selenium.remote.service.DriverService.checkExecutable(DriverService.java:136)
	at org.openqa.selenium.remote.service.DriverService.findExecutable(DriverService.java:131)
	at org.openqa.selenium.edge.EdgeDriverService.access$000(EdgeDriverService.java:33)
	at org.openqa.selenium.edge.EdgeDriverService$Builder.findDefaultExecutable(EdgeDriverService.java:63)
	at org.openqa.selenium.remote.service.DriverService$Builder.build(DriverService.java:330)
	at org.openqa.selenium.edge.EdgeDriverService.createDefaultService(EdgeDriverService.java:55)
	at org.openqa.selenium.edge.EdgeDriver.&lt;init&gt;(EdgeDriver.java:96)
	at crossbrowser.LoginLogoutEdge.setUp(LoginLogoutEdge.java:30)
</error>
    <error type="java.lang.NullPointerException">java.lang.NullPointerException
	at crossbrowser.LoginLogoutEdge.tearDown(LoginLogoutEdge.java:38)
</error>
  </testcase>
  <system-out><![CDATA[Testing ended. Closing Edge.
]]></system-out>
  <system-err><![CDATA[]]></system-err>
</testsuite>
